MessageCenter/build/intermediates/manifest_merge_blame_file/debug/manifest-merger-blame-debug-report.txt
1<?xml version="1.0" encoding="utf-8"?>
2<manifest xmlns:android="http://schemas.android.com/apk/res/android"
3    xmlns:tools="http://schemas.android.com/tools"
4    package="com.kotlin.message"
5    android:versionCode="1"
6    android:versionName="1.0" >
7
8    <uses-sdk
9        android:minSdkVersion="15"
9-->src\main\AndroidManifest.xml
10        android:targetSdkVersion="25" />
10-->src\main\AndroidManifest.xml
11
12    <application
12-->src\main\AndroidManifest.xml:5:5-29:19
13        android:allowBackup="true"
13-->src\main\AndroidManifest.xml:5:18-44
14        android:label="@string/app_name"
14-->src\main\AndroidManifest.xml:6:18-50
15        android:supportsRtl="true" >
15-->src\main\AndroidManifest.xml:7:18-44
16        <receiver
16-->src\main\AndroidManifest.xml:9:9-21:20
17            android:name="com.kotlin.message.receiver.MessageReceiver"
17-->src\main\AndroidManifest.xml:10:17-57
18            android:enabled="true" >
18-->src\main\AndroidManifest.xml:11:17-39
19            <intent-filter>
19-->src\main\AndroidManifest.xml:12:13-20:29
20                <action android:name="cn.jpush.android.intent.REGISTRATION" />
20-->src\main\AndroidManifest.xml:13:17-79
20-->src\main\AndroidManifest.xml:13:25-76
21                <action android:name="cn.jpush.android.intent.MESSAGE_RECEIVED" />
21-->src\main\AndroidManifest.xml:14:17-83
21-->src\main\AndroidManifest.xml:14:25-80
22                <action android:name="cn.jpush.android.intent.NOTIFICATION_RECEIVED" />
22-->src\main\AndroidManifest.xml:15:17-88
22-->src\main\AndroidManifest.xml:15:25-85
23                <action android:name="cn.jpush.android.intent.NOTIFICATION_OPENED" />
23-->src\main\AndroidManifest.xml:16:17-86
23-->src\main\AndroidManifest.xml:16:25-83
24                <action android:name="cn.jpush.android.intent.NOTIFICATION_CLICK_ACTION" />
24-->src\main\AndroidManifest.xml:17:17-92
24-->src\main\AndroidManifest.xml:17:25-89
25                <action android:name="cn.jpush.android.intent.CONNECTION" />
25-->src\main\AndroidManifest.xml:18:17-77
25-->src\main\AndroidManifest.xml:18:25-74
26
27                <category android:name="com.kotlin.mall" />
27-->src\main\AndroidManifest.xml:19:17-60
27-->src\main\AndroidManifest.xml:19:27-57
28            </intent-filter>
29        </receiver>
30
31        <meta-data
32            android:name="JPUSH_APPKEY"
32-->src\main\AndroidManifest.xml:23:20-47
33            android:value="7f3d74ec9161e033d723f585"
33-->src\main\AndroidManifest.xml:23:48-79
34            tools:replace="android:value" />
34-->src\main\AndroidManifest.xml:24:9-38
35        <meta-data
36            android:name="JPUSH_CHANNEL"
36-->src\main\AndroidManifest.xml:26:20-48
37            android:value="developer-default"
37-->src\main\AndroidManifest.xml:26:49-81
38            tools:replace="android:value" />
38-->src\main\AndroidManifest.xml:27:9-38
39    </application>
40
41</manifest>